Determining if the pthread_create exist failed with the following output:
Change Dir: /home/drrobot2/hokuyo_exp/src/chapter7_tutorials/build/CMakeFiles/CMakeTmp

Run Build Command:/usr/bin/make "cmTryCompileExec2728166316/fast"
make[1]: Entering directory `/home/drrobot2/hokuyo_exp/src/chapter7_tutorials/build/CMakeFiles/CMakeTmp'
/usr/bin/make -f CMakeFiles/cmTryCompileExec2728166316.dir/build.make CMakeFiles/cmTryCompileExec2728166316.dir/build
make[2]: Entering directory `/home/drrobot2/hokuyo_exp/src/chapter7_tutorials/build/CMakeFiles/CMakeTmp'
/usr/bin/cmake -E cmake_progress_report /home/drrobot2/hokuyo_exp/src/chapter7_tutorials/build/CMakeFiles/CMakeTmp/CMakeFiles 1
Building C object CMakeFiles/cmTryCompileExec2728166316.dir/CheckSymbolExists.c.o
/usr/bin/cc    -o CMakeFiles/cmTryCompileExec2728166316.dir/CheckSymbolExists.c.o   -c /home/drrobot2/hokuyo_exp/src/chapter7_tutorials/build/CMakeFiles/CMakeTmp/CheckSymbolExists.c
Linking C executable cmTryCompileExec2728166316
/usr/bin/cmake -E cmake_link_script CMakeFiles/cmTryCompileExec2728166316.dir/link.txt --verbose=1
/usr/bin/cc       CMakeFiles/cmTryCompileExec2728166316.dir/CheckSymbolExists.c.o  -o cmTryCompileExec2728166316 -rdynamic 
CMakeFiles/cmTryCompileExec2728166316.dir/CheckSymbolExists.c.o: In function `main':
CheckSymbolExists.c:(.text+0x16): undefined reference to `pthread_create'
collect2: error: ld returned 1 exit status
make[2]: *** [cmTryCompileExec2728166316] Error 1
make[2]: Leaving directory `/home/drrobot2/hokuyo_exp/src/chapter7_tutorials/build/CMakeFiles/CMakeTmp'
make[1]: *** [cmTryCompileExec2728166316/fast] Error 2
make[1]: Leaving directory `/home/drrobot2/hokuyo_exp/src/chapter7_tutorials/build/CMakeFiles/CMakeTmp'

File /home/drrobot2/hokuyo_exp/src/chapter7_tutorials/build/CMakeFiles/CMakeTmp/CheckSymbolExists.c:
/* */
#include <pthread.h>

int main(int argc, char** argv)
{
  (void)argv;
#ifndef pthread_create
  return ((int*)(&pthread_create))[argc];
#else
  (void)argc;
  return 0;
#endif
}

Determining if the function pthread_create exists in the pthreads failed with the following output:
Change Dir: /home/drrobot2/hokuyo_exp/src/chapter7_tutorials/build/CMakeFiles/CMakeTmp

Run Build Command:/usr/bin/make "cmTryCompileExec2357374474/fast"
make[1]: Entering directory `/home/drrobot2/hokuyo_exp/src/chapter7_tutorials/build/CMakeFiles/CMakeTmp'
/usr/bin/make -f CMakeFiles/cmTryCompileExec2357374474.dir/build.make CMakeFiles/cmTryCompileExec2357374474.dir/build
make[2]: Entering directory `/home/drrobot2/hokuyo_exp/src/chapter7_tutorials/build/CMakeFiles/CMakeTmp'
/usr/bin/cmake -E cmake_progress_report /home/drrobot2/hokuyo_exp/src/chapter7_tutorials/build/CMakeFiles/CMakeTmp/CMakeFiles 1
Building C object CMakeFiles/cmTryCompileExec2357374474.dir/CheckFunctionExists.c.o
/usr/bin/cc   -DCHECK_FUNCTION_EXISTS=pthread_create   -o CMakeFiles/cmTryCompileExec2357374474.dir/CheckFunctionExists.c.o   -c /usr/share/cmake-2.8/Modules/CheckFunctionExists.c
Linking C executable cmTryCompileExec2357374474
/usr/bin/cmake -E cmake_link_script CMakeFiles/cmTryCompileExec2357374474.dir/link.txt --verbose=1
/usr/bin/cc   -DCHECK_FUNCTION_EXISTS=pthread_create    CMakeFiles/cmTryCompileExec2357374474.dir/CheckFunctionExists.c.o  -o cmTryCompileExec2357374474 -rdynamic -lpthreads 
/usr/bin/ld: cannot find -lpthreads
collect2: error: ld returned 1 exit status
make[2]: *** [cmTryCompileExec2357374474] Error 1
make[2]: Leaving directory `/home/drrobot2/hokuyo_exp/src/chapter7_tutorials/build/CMakeFiles/CMakeTmp'
make[1]: *** [cmTryCompileExec2357374474/fast] Error 2
make[1]: Leaving directory `/home/drrobot2/hokuyo_exp/src/chapter7_tutorials/build/CMakeFiles/CMakeTmp'


